<?xml version="1.0" encoding="UTF-8"?>
<testsuite name="com.scoretable.UserControllerSpec" tests="7" skipped="0" failures="0" errors="0" timestamp="2018-09-06T19:44:16" hostname="2KR1RN2" time="3.422">
  <properties/>
  <testcase name="Test the index action returns the correct model" classname="com.scoretable.UserControllerSpec" time="3.109"/>
  <testcase name="Test the create action returns the correct model" classname="com.scoretable.UserControllerSpec" time="0.063"/>
  <testcase name="Test the save action correctly persists an instance" classname="com.scoretable.UserControllerSpec" time="0.156"/>
  <testcase name="Test that the show action returns the correct model" classname="com.scoretable.UserControllerSpec" time="0.016"/>
  <testcase name="Test that the edit action returns the correct model" classname="com.scoretable.UserControllerSpec" time="0.015"/>
  <testcase name="Test the update action performs an update on a valid domain instance" classname="com.scoretable.UserControllerSpec" time="0.032"/>
  <testcase name="Test that the delete action deletes an instance if it exists" classname="com.scoretable.UserControllerSpec" time="0.031"/>
  <system-out><![CDATA[]]></system-out>
  <system-err><![CDATA[]]></system-err>
</testsuite>
